[0m2021.10.30 20:01:32 INFO  Started: Metals version 0.10.8 in workspace 'D:\crecimiento\scala POO' for client Visual Studio Code 1.61.2.[0m
[0m2021.10.30 20:01:33 INFO  time: initialize in 0.88s[0m
[0m2021.10.30 20:01:33 WARN  Build server is not auto-connectable.[0m
[0m2021.10.30 20:01:33 WARN  no build tool detected in workspace 'D:\crecimiento\scala POO'. The most common cause for this problem is that the editor was opened in the wrong working directory, for example if you use sbt then the workspace directory should contain build.sbt. [0m
[0m2021.10.30 20:01:34 WARN  no build target for: D:\crecimiento\scala POO\clases\library.scala[0m
Oct 30, 2021 8:01:35 PM org.eclipse.lsp4j.jsonrpc.RemoteEndpoint handleCancellation
WARNING: Unmatched cancel notification for request id 3
Oct 30, 2021 8:01:35 PM org.eclipse.lsp4j.jsonrpc.RemoteEndpoint handleCancellation
WARNING: Unmatched cancel notification for request id 6
Oct 30, 2021 8:01:35 PM org.eclipse.lsp4j.jsonrpc.RemoteEndpoint handleCancellation
WARNING: Unmatched cancel notification for request id 8
[0m2021.10.30 20:01:40 INFO  no build target: using presentation compiler with only scala-library: 3.1.0[0m
[0m2021.10.30 20:01:49 INFO  time: code lens generation in 4.04s[0m
[0m2021.10.30 20:01:49 INFO  time: code lens generation in 5.32s[0m
[0m2021.10.30 20:01:49 INFO  time: code lens generation in 7.27s[0m
[0m2021.10.30 20:01:49 INFO  time: code lens generation in 4.92s[0m
[0m2021.10.30 20:01:49 INFO  time: code lens generation in 8.29s[0m
[0m2021.10.30 20:01:49 INFO  time: code lens generation in 12s[0m
[0m2021.10.30 20:01:49 INFO  time: code lens generation in 13s[0m
[0m2021.10.30 20:01:49 INFO  time: code lens generation in 14s[0m
[0m2021.10.30 20:01:49 INFO  time: code lens generation in 14s[0m
[0m2021.10.30 20:01:49 INFO  time: code lens generation in 14s[0m
